<?xml version="1.0" encoding="UTF-8"?>
<testng-results ignored="8" total="13" passed="5" failed="0" skipped="0">
  <reporter-output>
  </reporter-output>
  <suite started-at="2024-03-26T14:20:00 IST" name="Suite" finished-at="2024-03-26T14:20:12 IST" duration-ms="12068">
    <groups>
    </groups>
    <test started-at="2024-03-26T14:20:00 IST" name="Test" finished-at="2024-03-26T14:20:12 IST" duration-ms="12068">
      <class name="pack.Login">
        <test-method signature="Launcher()[pri:0, instance:pack.Login@10d307f1]" started-at="2024-03-26T14:20:00 IST" name="Launcher" finished-at="2024-03-26T14:20:00 IST" duration-ms="413" status="PASS">
          <reporter-output>
          </reporter-output>
        </test-method> <!-- Launcher -->
        <test-method signature="LoginPage()[pri:0, instance:pack.Login@10d307f1]" started-at="2024-03-26T14:20:00 IST" name="LoginPage" finished-at="2024-03-26T14:20:03 IST" duration-ms="2358" status="PASS">
          <reporter-output>
          </reporter-output>
        </test-method> <!-- LoginPage -->
      </class> <!-- pack.Login -->
      <class name="pack.PIM">
        <test-method signature="navigation()[pri:0, instance:pack.PIM@4d5b6aac]" started-at="2024-03-26T14:20:03 IST" name="navigation" finished-at="2024-03-26T14:20:05 IST" duration-ms="1741" status="PASS">
          <reporter-output>
          </reporter-output>
        </test-method> <!-- navigation -->
      </class> <!-- pack.PIM -->
      <class name="pack.AddnewEmployee">
        <test-method signature="newemployee()[pri:0, instance:pack.AddnewEmployee@3e84448c]" started-at="2024-03-26T14:20:05 IST" name="newemployee" finished-at="2024-03-26T14:20:10 IST" duration-ms="5782" status="PASS">
          <reporter-output>
          </reporter-output>
        </test-method> <!-- newemployee -->
      </class> <!-- pack.AddnewEmployee -->
      <class name="pack.Base">
        <test-method is-config="true" signature="initialize()[pri:0, instance:pack.Base@101952da]" started-at="2024-03-26T14:19:57 IST" name="initialize" finished-at="2024-03-26T14:20:00 IST" duration-ms="2560" status="PASS">
          <reporter-output>
          </reporter-output>
        </test-method> <!-- initialize -->
        <test-method is-config="true" signature="tearDown()[pri:0, instance:pack.Base@101952da]" started-at="2024-03-26T14:20:12 IST" name="tearDown" finished-at="2024-03-26T14:20:12 IST" duration-ms="0" status="PASS">
          <reporter-output>
          </reporter-output>
        </test-method> <!-- tearDown -->
      </class> <!-- pack.Base -->
      <class name="pack.Personaldetails">
        <test-method signature="details()[pri:0, instance:pack.Personaldetails@4a7f959b]" started-at="2024-03-26T14:20:10 IST" name="details" finished-at="2024-03-26T14:20:12 IST" duration-ms="1746" status="PASS">
          <reporter-output>
          </reporter-output>
        </test-method> <!-- details -->
      </class> <!-- pack.Personaldetails -->
    </test> <!-- Test -->
  </suite> <!-- Suite -->
</testng-results>
